app/build/intermediates/manifest_merge_blame_file/release/manifest-merger-blame-release-report.txt
1<?xml version="1.0" encoding="utf-8"?>
2<manifest xmlns:android="http://schemas.android.com/apk/res/android"
3    package="com.bubo.voidscanner"
4    android:versionCode="3"
5    android:versionName="1.0.1" >
6
7    <uses-sdk
8        android:minSdkVersion="26"
9        android:targetSdkVersion="34" />
10
11    <!-- Location permissions (required for WiFi, Bluetooth, and location services) -->
12    <uses-permission android:name="android.permission.ACCESS_FINE_LOCATION" />
12-->src/main/AndroidManifest.xml:5:5-79
12-->src/main/AndroidManifest.xml:5:22-76
13    <uses-permission android:name="android.permission.ACCESS_COARSE_LOCATION" />
13-->src/main/AndroidManifest.xml:6:5-81
13-->src/main/AndroidManifest.xml:6:22-78
14
15    <!-- WiFi permissions (Android 9 and below) -->
16    <uses-permission android:name="android.permission.ACCESS_WIFI_STATE" />
16-->src/main/AndroidManifest.xml:9:5-76
16-->src/main/AndroidManifest.xml:9:22-73
17    <uses-permission android:name="android.permission.CHANGE_WIFI_STATE" />
17-->src/main/AndroidManifest.xml:10:5-76
17-->src/main/AndroidManifest.xml:10:22-73
18
19    <!-- WiFi permissions (Android 10+) -->
20    <uses-permission android:name="android.permission.NEARBY_WIFI_DEVICES" />
20-->src/main/AndroidManifest.xml:13:5-78
20-->src/main/AndroidManifest.xml:13:22-75
21    <uses-permission android:name="android.permission.ACCESS_FINE_LOCATION_UPDATE" />
21-->src/main/AndroidManifest.xml:14:5-86
21-->src/main/AndroidManifest.xml:14:22-83
22
23    <!-- Bluetooth permissions (legacy) -->
24    <uses-permission android:name="android.permission.BLUETOOTH" />
24-->src/main/AndroidManifest.xml:17:5-68
24-->src/main/AndroidManifest.xml:17:22-65
25    <uses-permission android:name="android.permission.BLUETOOTH_ADMIN" />
25-->src/main/AndroidManifest.xml:18:5-74
25-->src/main/AndroidManifest.xml:18:22-71
26
27    <!-- Bluetooth permissions (Android 12+) -->
28    <uses-permission android:name="android.permission.BLUETOOTH_SCAN" />
28-->src/main/AndroidManifest.xml:21:5-73
28-->src/main/AndroidManifest.xml:21:22-70
29    <uses-permission android:name="android.permission.BLUETOOTH_CONNECT" />
29-->src/main/AndroidManifest.xml:22:5-76
29-->src/main/AndroidManifest.xml:22:22-73
30
31    <!-- Sensor permissions -->
32    <uses-permission android:name="android.permission.INTERNET" />
32-->src/main/AndroidManifest.xml:25:5-67
32-->src/main/AndroidManifest.xml:25:22-64
33    <uses-permission android:name="android.permission.ACCESS_NETWORK_STATE" />
33-->src/main/AndroidManifest.xml:26:5-79
33-->src/main/AndroidManifest.xml:26:22-76
34    <uses-permission android:name="android.permission.FOREGROUND_SERVICE" />
34-->src/main/AndroidManifest.xml:27:5-77
34-->src/main/AndroidManifest.xml:27:22-74
35
36    <permission
36-->[androidx.core:core:1.9.0] AndroidManifest.xml:22:5-24:47
37        android:name="com.bubo.voidscanner.DYNAMIC_RECEIVER_NOT_EXPORTED_PERMISSION"
37-->[androidx.core:core:1.9.0] AndroidManifest.xml:23:9-81
38        android:protectionLevel="signature" />
38-->[androidx.core:core:1.9.0] AndroidManifest.xml:24:9-44
39
40    <uses-permission android:name="com.bubo.voidscanner.DYNAMIC_RECEIVER_NOT_EXPORTED_PERMISSION" />
40-->[androidx.core:core:1.9.0] AndroidManifest.xml:26:5-97
40-->[androidx.core:core:1.9.0] AndroidManifest.xml:26:22-94
41
42    <application
42-->src/main/AndroidManifest.xml:29:5-57:19
43        android:allowBackup="true"
43-->src/main/AndroidManifest.xml:30:9-35
44        android:appComponentFactory="androidx.core.app.CoreComponentFactory"
44-->[androidx.core:core:1.9.0] AndroidManifest.xml:28:18-86
45        android:extractNativeLibs="false"
46        android:icon="@mipmap/ic_launcher"
46-->src/main/AndroidManifest.xml:31:9-43
47        android:label="@string/app_name"
47-->src/main/AndroidManifest.xml:32:9-41
48        android:requestLegacyExternalStorage="true"
48-->src/main/AndroidManifest.xml:36:9-52
49        android:roundIcon="@mipmap/ic_launcher"
49-->src/main/AndroidManifest.xml:33:9-48
50        android:supportsRtl="true"
50-->src/main/AndroidManifest.xml:34:9-35
51        android:theme="@style/Theme.VeilScanner"
51-->src/main/AndroidManifest.xml:35:9-49
52        android:versionCode="2"
52-->src/main/AndroidManifest.xml:37:9-32
53        android:versionName="1.0.1" >
53-->src/main/AndroidManifest.xml:38:9-36
54
55        <!-- Main Activity -->
56        <activity
56-->src/main/AndroidManifest.xml:41:9-49:20
57            android:name="com.bubo.voidscanner.MainActivity"
57-->src/main/AndroidManifest.xml:42:13-41
58            android:exported="true"
58-->src/main/AndroidManifest.xml:43:13-36
59            android:theme="@style/Theme.VeilScanner" >
59-->src/main/AndroidManifest.xml:44:13-53
60            <intent-filter>
60-->src/main/AndroidManifest.xml:45:13-48:29
61                <action android:name="android.intent.action.MAIN" />
61-->src/main/AndroidManifest.xml:46:17-69
61-->src/main/AndroidManifest.xml:46:25-66
62
63                <category android:name="android.intent.category.LAUNCHER" />
63-->src/main/AndroidManifest.xml:47:17-77
63-->src/main/AndroidManifest.xml:47:27-74
64            </intent-filter>
65        </activity>
66
67        <!-- Export Activity -->
68        <activity
68-->src/main/AndroidManifest.xml:52:9-55:56
69            android:name="com.bubo.voidscanner.ExportActivity"
69-->src/main/AndroidManifest.xml:53:13-43
70            android:exported="false"
70-->src/main/AndroidManifest.xml:54:13-37
71            android:theme="@style/Theme.VeilScanner" />
71-->src/main/AndroidManifest.xml:55:13-53
72
73        <provider
73-->[androidx.emoji2:emoji2:1.2.0] AndroidManifest.xml:24:9-32:20
74            android:name="androidx.startup.InitializationProvider"
74-->[androidx.emoji2:emoji2:1.2.0] AndroidManifest.xml:25:13-67
75            android:authorities="com.bubo.voidscanner.androidx-startup"
75-->[androidx.emoji2:emoji2:1.2.0] AndroidManifest.xml:26:13-68
76            android:exported="false" >
76-->[androidx.emoji2:emoji2:1.2.0] AndroidManifest.xml:27:13-37
77            <meta-data
77-->[androidx.emoji2:emoji2:1.2.0] AndroidManifest.xml:29:13-31:52
78                android:name="androidx.emoji2.text.EmojiCompatInitializer"
78-->[androidx.emoji2:emoji2:1.2.0] AndroidManifest.xml:30:17-75
79                android:value="androidx.startup" />
79-->[androidx.emoji2:emoji2:1.2.0] AndroidManifest.xml:31:17-49
80            <meta-data
80-->[androidx.lifecycle:lifecycle-process:2.6.1] AndroidManifest.xml:29:13-31:52
81                android:name="androidx.lifecycle.ProcessLifecycleInitializer"
81-->[androidx.lifecycle:lifecycle-process:2.6.1] AndroidManifest.xml:30:17-78
82                android:value="androidx.startup" />
82-->[androidx.lifecycle:lifecycle-process:2.6.1] AndroidManifest.xml:31:17-49
83            <meta-data
83-->[androidx.profileinstaller:profileinstaller:1.3.0] AndroidManifest.xml:29:13-31:52
84                android:name="androidx.profileinstaller.ProfileInstallerInitializer"
84-->[androidx.profileinstaller:profileinstaller:1.3.0] AndroidManifest.xml:30:17-85
85                android:value="androidx.startup" />
85-->[androidx.profileinstaller:profileinstaller:1.3.0] AndroidManifest.xml:31:17-49
86        </provider>
87
88        <receiver
88-->[androidx.profileinstaller:profileinstaller:1.3.0] AndroidManifest.xml:34:9-52:20
89            android:name="androidx.profileinstaller.ProfileInstallReceiver"
89-->[androidx.profileinstaller:profileinstaller:1.3.0] AndroidManifest.xml:35:13-76
90            android:directBootAware="false"
90-->[androidx.profileinstaller:profileinstaller:1.3.0] AndroidManifest.xml:36:13-44
91            android:enabled="true"
91-->[androidx.profileinstaller:profileinstaller:1.3.0] AndroidManifest.xml:37:13-35
92            android:exported="true"
92-->[androidx.profileinstaller:profileinstaller:1.3.0] AndroidManifest.xml:38:13-36
93            android:permission="android.permission.DUMP" >
93-->[androidx.profileinstaller:profileinstaller:1.3.0] AndroidManifest.xml:39:13-57
94            <intent-filter>
94-->[androidx.profileinstaller:profileinstaller:1.3.0] AndroidManifest.xml:40:13-42:29
95                <action android:name="androidx.profileinstaller.action.INSTALL_PROFILE" />
95-->[androidx.profileinstaller:profileinstaller:1.3.0] AndroidManifest.xml:41:17-91
95-->[androidx.profileinstaller:profileinstaller:1.3.0] AndroidManifest.xml:41:25-88
96            </intent-filter>
97            <intent-filter>
97-->[androidx.profileinstaller:profileinstaller:1.3.0] AndroidManifest.xml:43:13-45:29
98                <action android:name="androidx.profileinstaller.action.SKIP_FILE" />
98-->[androidx.profileinstaller:profileinstaller:1.3.0] AndroidManifest.xml:44:17-85
98-->[androidx.profileinstaller:profileinstaller:1.3.0] AndroidManifest.xml:44:25-82
99            </intent-filter>
100            <intent-filter>
100-->[androidx.profileinstaller:profileinstaller:1.3.0] AndroidManifest.xml:46:13-48:29
101                <action android:name="androidx.profileinstaller.action.SAVE_PROFILE" />
101-->[androidx.profileinstaller:profileinstaller:1.3.0] AndroidManifest.xml:47:17-88
101-->[androidx.profileinstaller:profileinstaller:1.3.0] AndroidManifest.xml:47:25-85
102            </intent-filter>
103            <intent-filter>
103-->[androidx.profileinstaller:profileinstaller:1.3.0] AndroidManifest.xml:49:13-51:29
104                <action android:name="androidx.profileinstaller.action.BENCHMARK_OPERATION" />
104-->[androidx.profileinstaller:profileinstaller:1.3.0] AndroidManifest.xml:50:17-95
104-->[androidx.profileinstaller:profileinstaller:1.3.0] AndroidManifest.xml:50:25-92
105            </intent-filter>
106        </receiver>
107    </application>
108
109</manifest>